<?xml version="1.0" encoding="UTF-8"?>
<testng-results ignored="0" total="7" passed="7" failed="0" skipped="0">
  <reporter-output>
  </reporter-output>
  <suite started-at="2023-01-10T19:33:02 IST" name="Default suite" finished-at="2023-01-10T19:33:02 IST" duration-ms="453">
    <groups>
      <group name="windows.regression">
        <method signature="GroupsDemo.testCase4()[pri:0, instance:learnTestNG.GroupsDemo@66c92293]" name="testCase4" class="learnTestNG.GroupsDemo"/>
      </group> <!-- windows.regression -->
      <group name="regression">
        <method signature="GroupsDemo.testCase5()[pri:0, instance:learnTestNG.GroupsDemo@66c92293]" name="testCase5" class="learnTestNG.GroupsDemo"/>
        <method signature="GroupsDemo.testCase6()[pri:0, instance:learnTestNG.GroupsDemo@66c92293]" name="testCase6" class="learnTestNG.GroupsDemo"/>
      </group> <!-- regression -->
      <group name="smoke">
        <method signature="GroupsDemo.testCase1()[pri:0, instance:learnTestNG.GroupsDemo@66c92293]" name="testCase1" class="learnTestNG.GroupsDemo"/>
        <method signature="GroupsDemo.testCase2()[pri:0, instance:learnTestNG.GroupsDemo@66c92293]" name="testCase2" class="learnTestNG.GroupsDemo"/>
        <method signature="GroupsDemo.testCase5()[pri:0, instance:learnTestNG.GroupsDemo@66c92293]" name="testCase5" class="learnTestNG.GroupsDemo"/>
      </group> <!-- smoke -->
      <group name="sanity">
        <method signature="GroupsDemo.testCase2()[pri:0, instance:learnTestNG.GroupsDemo@66c92293]" name="testCase2" class="learnTestNG.GroupsDemo"/>
        <method signature="GroupsDemo.testCase5()[pri:0, instance:learnTestNG.GroupsDemo@66c92293]" name="testCase5" class="learnTestNG.GroupsDemo"/>
        <method signature="GroupsDemo.testCase6()[pri:0, instance:learnTestNG.GroupsDemo@66c92293]" name="testCase6" class="learnTestNG.GroupsDemo"/>
      </group> <!-- sanity -->
      <group name="mac.loadtest">
        <method signature="GroupsDemo.testCase7()[pri:0, instance:learnTestNG.GroupsDemo@66c92293]" name="testCase7" class="learnTestNG.GroupsDemo"/>
      </group> <!-- mac.loadtest -->
      <group name="groupsAtClassLevel">
        <method signature="GroupsDemo.testCase1()[pri:0, instance:learnTestNG.GroupsDemo@66c92293]" name="testCase1" class="learnTestNG.GroupsDemo"/>
        <method signature="GroupsDemo.testCase2()[pri:0, instance:learnTestNG.GroupsDemo@66c92293]" name="testCase2" class="learnTestNG.GroupsDemo"/>
        <method signature="GroupsDemo.testCase3()[pri:0, instance:learnTestNG.GroupsDemo@66c92293]" name="testCase3" class="learnTestNG.GroupsDemo"/>
        <method signature="GroupsDemo.testCase4()[pri:0, instance:learnTestNG.GroupsDemo@66c92293]" name="testCase4" class="learnTestNG.GroupsDemo"/>
        <method signature="GroupsDemo.testCase5()[pri:0, instance:learnTestNG.GroupsDemo@66c92293]" name="testCase5" class="learnTestNG.GroupsDemo"/>
        <method signature="GroupsDemo.testCase6()[pri:0, instance:learnTestNG.GroupsDemo@66c92293]" name="testCase6" class="learnTestNG.GroupsDemo"/>
        <method signature="GroupsDemo.testCase7()[pri:0, instance:learnTestNG.GroupsDemo@66c92293]" name="testCase7" class="learnTestNG.GroupsDemo"/>
      </group> <!-- groupsAtClassLevel -->
      <group name="linux.sanity">
        <method signature="GroupsDemo.testCase3()[pri:0, instance:learnTestNG.GroupsDemo@66c92293]" name="testCase3" class="learnTestNG.GroupsDemo"/>
      </group> <!-- linux.sanity -->
    </groups>
    <test started-at="2023-01-10T19:33:02 IST" name="Default test" finished-at="2023-01-10T19:33:02 IST" duration-ms="453">
      <class name="learnTestNG.GroupsDemo">
        <test-method signature="testCase1()[pri:0, instance:learnTestNG.GroupsDemo@66c92293]" started-at="2023-01-10T19:33:02 IST" name="testCase1" finished-at="2023-01-10T19:33:02 IST" duration-ms="121" status="PASS">
          <reporter-output>
          </reporter-output>
        </test-method> <!-- testCase1 -->
        <test-method signature="testCase2()[pri:0, instance:learnTestNG.GroupsDemo@66c92293]" started-at="2023-01-10T19:33:02 IST" name="testCase2" finished-at="2023-01-10T19:33:02 IST" duration-ms="9" status="PASS">
          <reporter-output>
          </reporter-output>
        </test-method> <!-- testCase2 -->
        <test-method signature="testCase3()[pri:0, instance:learnTestNG.GroupsDemo@66c92293]" started-at="2023-01-10T19:33:02 IST" name="testCase3" finished-at="2023-01-10T19:33:02 IST" duration-ms="9" status="PASS">
          <reporter-output>
          </reporter-output>
        </test-method> <!-- testCase3 -->
        <test-method signature="testCase4()[pri:0, instance:learnTestNG.GroupsDemo@66c92293]" started-at="2023-01-10T19:33:02 IST" name="testCase4" finished-at="2023-01-10T19:33:02 IST" duration-ms="13" status="PASS">
          <reporter-output>
          </reporter-output>
        </test-method> <!-- testCase4 -->
        <test-method signature="testCase5()[pri:0, instance:learnTestNG.GroupsDemo@66c92293]" started-at="2023-01-10T19:33:02 IST" name="testCase5" finished-at="2023-01-10T19:33:02 IST" duration-ms="9" status="PASS">
          <reporter-output>
          </reporter-output>
        </test-method> <!-- testCase5 -->
        <test-method signature="testCase6()[pri:0, instance:learnTestNG.GroupsDemo@66c92293]" started-at="2023-01-10T19:33:02 IST" name="testCase6" finished-at="2023-01-10T19:33:02 IST" duration-ms="9" status="PASS">
          <reporter-output>
          </reporter-output>
        </test-method> <!-- testCase6 -->
        <test-method signature="testCase7()[pri:0, instance:learnTestNG.GroupsDemo@66c92293]" started-at="2023-01-10T19:33:02 IST" name="testCase7" finished-at="2023-01-10T19:33:02 IST" duration-ms="13" status="PASS">
          <reporter-output>
          </reporter-output>
        </test-method> <!-- testCase7 -->
      </class> <!-- learnTestNG.GroupsDemo -->
    </test> <!-- Default test -->
  </suite> <!-- Default suite -->
</testng-results>
